{
	monuments = {
		REMIX = {
			Categories = {
				FRIENDS = {
					Order = 2
					}, 
				FLORA = {
					Order = 1
					}
			}
		}
	}, 
	jobs = {
	}, 
	modName = "REMIX", 
		modelFiles = {
			friends = {"FRIENDS"
				}
		}, 
		categories = {
			FRIENDS = {
				Coon_Cat = {
					Order = 2
					}, 
				Collie_Dog = {
					Order = 1
					}
			}
		}, 
		workplaces = {
		}, 
		version = "3.1.1", 
			nodeTypes = {
			}, 
			remix = {
				FLORA = {"BUILDING_PART_SHRINE_FLOWER_RED", "BUILDING_PART_SHRINE_FLOWER_BLUE", "BUILDING_PART_LUSH_GARDEN_SMALL_TREE"
							}, 
				TOPIARY = {"BUILDING_PART_LUSH_GARDEN_OGIVE_BUSH", "BUILDING_PART_LUSH_GARDEN_OVALE_BUSH"
						}, 
				EDIBLES = {"BUILDING_PART_OFFICINAL_GARDEN_SPROUTS", "BUILDING_PART_OFFICINAL_GARDEN_SAGE"
						}, 
				FURNITURE = {"BUILDING_PART_SHRINE_STONE_BENCH", "BUILDING_PART_MARKET_BENCH"
						}
			}
		}